<?xml version="1.0" encoding="UTF-8"?>
<!-- Generated by org.testng.reporters.JUnitReportReporter -->
<testsuite hostname="LTIN494529" failures="0" tests="1" name="cucumber.TestNGTestRunner" time="13.240" errors="0" timestamp="2024-09-06T02:05:05 IST" skipped="0">
  <testcase classname="cucumber.TestNGTestRunner" name="runScenario" time="13.240"/>
  <system-out/>
</testsuite> <!-- cucumber.TestNGTestRunner -->
