<?xml version="1.0" encoding="UTF-8"?>
<!-- Generated by org.testng.reporters.JUnitReportReporter -->
<testsuite hostname="LTIN494529" failures="0" tests="1" name="abhishek.Automation" time="13.158" errors="0" timestamp="2024-09-01T14:51:45 IST" skipped="0">
  <testcase classname="abhishek.Automation" name="Run" time="13.158"/>
  <system-out/>
</testsuite> <!-- abhishek.Automation -->
