<?xml version="1.0" encoding="UTF-8"?>
<!-- Generated by org.testng.reporters.JUnitReportReporter -->
<testsuite hostname="LTIN494529" failures="0" tests="1" name="cucumber.TestNGTestRunner" time="13.047" errors="0" timestamp="2024-09-06T23:48:02 IST" skipped="0">
  <testcase classname="cucumber.TestNGTestRunner" name="runScenario" time="13.047"/>
</testsuite> <!-- cucumber.TestNGTestRunner -->
