<?xml version="1.0" encoding="UTF-8"?>
<!-- Generated by org.testng.reporters.JUnitReportReporter -->
<testsuite hostname="LTIN494529" failures="0" tests="3" name="abhishek.SubmitOrderTest" time="35.697" errors="0" timestamp="2024-09-06T23:20:20 IST" skipped="0">
  <testcase classname="abhishek.SubmitOrderTest" name="submitOrder" time="14.174"/>
  <testcase classname="abhishek.SubmitOrderTest" name="orderHistoryTest" time="10.070"/>
  <testcase classname="abhishek.SubmitOrderTest" name="submitOrder" time="11.453"/>
</testsuite> <!-- abhishek.SubmitOrderTest -->
